Flow report for CONTROL_PRODUCCION
Tue Jan 23 14:51:26 2024
Quartus Prime Version 23.1std.0 Build 991 11/28/2023 SC Lite Edition


---------------------
; Table of Contents ;
---------------------
  1. Legal Notice
  2. Flow Summary
  3. Flow Settings
  4. Flow Non-Default Global Settings
  5. Flow Elapsed Time
  6. Flow OS Summary
  7. Flow Log
  8. Flow Messages
  9. Flow Suppressed Messages



----------------
; Legal Notice ;
----------------
Copyright (C) 2023  Intel Corporation. All rights reserved.
Your use of Intel Corporation's design tools, logic functions 
and other software and tools, and any partner logic 
functions, and any output files from any of the foregoing 
(including device programming or simulation files), and any 
associated documentation or information are expressly subject 
to the terms and conditions of the Intel Program License 
Subscription Agreement, the Intel Quartus Prime License Agreement,
the Intel FPGA IP License Agreement, or other applicable license
agreement, including, without limitation, that your use is for
the sole purpose of programming logic devices manufactured by
Intel and sold by Intel or its authorized distributors.  Please
refer to the applicable agreement for further details, at
https://fpgasoftware.intel.com/eula.



+-------------------------------------------------------------------------------------+
; Flow Summary                                                                        ;
+------------------------------------+------------------------------------------------+
; Flow Status                        ; Successful - Tue Jan 23 14:51:26 2024          ;
; Quartus Prime Version              ; 23.1std.0 Build 991 11/28/2023 SC Lite Edition ;
; Revision Name                      ; CONTROL_PRODUCCION                             ;
; Top-level Entity Name              ; CONTROL_PRODUCCION_SIMULAR                     ;
; Family                             ; MAX 10                                         ;
; Device                             ; 10M08DAF484C8G                                 ;
; Timing Models                      ; Final                                          ;
; Total logic elements               ; 5,377 / 8,064 ( 67 % )                         ;
;     Total combinational functions  ; 4,630 / 8,064 ( 57 % )                         ;
;     Dedicated logic registers      ; 2,635 / 8,064 ( 33 % )                         ;
; Total registers                    ; 2635                                           ;
; Total pins                         ; 42 / 250 ( 17 % )                              ;
; Total virtual pins                 ; 0                                              ;
; Total memory bits                  ; 0 / 387,072 ( 0 % )                            ;
; Embedded Multiplier 9-bit elements ; 0 / 48 ( 0 % )                                 ;
; Total PLLs                         ; 0 / 2 ( 0 % )                                  ;
; UFM blocks                         ; 0 / 1 ( 0 % )                                  ;
; ADC blocks                         ; 0 / 1 ( 0 % )                                  ;
+------------------------------------+------------------------------------------------+


+-----------------------------------------+
; Flow Settings                           ;
+-------------------+---------------------+
; Option            ; Setting             ;
+-------------------+---------------------+
; Start date & time ; 01/23/2024 14:42:05 ;
; Main task         ; Compilation         ;
; Revision Name     ; CONTROL_PRODUCCION  ;
+-------------------+---------------------+


+-------------------------------------------------------------------------------------------------------------------------------------------------+
; Flow Non-Default Global Settings                                                                                                                ;
+-------------------------------------+----------------------------------------+--------------------+----------------------------+----------------+
; Assignment Name                     ; Value                                  ; Default Value      ; Entity Name                ; Section Id     ;
+-------------------------------------+----------------------------------------+--------------------+----------------------------+----------------+
; COMPILER_SIGNATURE_ID               ; 39863944989932.170603892528316         ; --                 ; --                         ; --             ;
; EDA_GENERATE_FUNCTIONAL_NETLIST     ; On                                     ; --                 ; --                         ; eda_simulation ;
; EDA_OUTPUT_DATA_FORMAT              ; Verilog Hdl                            ; --                 ; --                         ; eda_simulation ;
; EDA_SIMULATION_TOOL                 ; Questa Intel FPGA (Verilog)            ; <None>             ; --                         ; --             ;
; EDA_TIME_SCALE                      ; 1 ps                                   ; --                 ; --                         ; eda_simulation ;
; MAX_CORE_JUNCTION_TEMP              ; 85                                     ; --                 ; --                         ; --             ;
; MIN_CORE_JUNCTION_TEMP              ; 0                                      ; --                 ; --                         ; --             ;
; NOMINAL_CORE_SUPPLY_VOLTAGE         ; 1.2V                                   ; --                 ; --                         ; --             ;
; PARTITION_COLOR                     ; -- (Not supported for targeted family) ; --                 ; CONTROL_PRODUCCION_SIMULAR ; Top            ;
; PARTITION_FITTER_PRESERVATION_LEVEL ; -- (Not supported for targeted family) ; --                 ; CONTROL_PRODUCCION_SIMULAR ; Top            ;
; PARTITION_NETLIST_TYPE              ; -- (Not supported for targeted family) ; --                 ; CONTROL_PRODUCCION_SIMULAR ; Top            ;
; PROJECT_OUTPUT_DIRECTORY            ; output_files                           ; --                 ; --                         ; --             ;
; TOP_LEVEL_ENTITY                    ; CONTROL_PRODUCCION_SIMULAR             ; CONTROL_PRODUCCION ; --                         ; --             ;
+-------------------------------------+----------------------------------------+--------------------+----------------------------+----------------+


+--------------------------------------------------------------------------------------------------------------------------+
; Flow Elapsed Time                                                                                                        ;
+----------------------+--------------+-------------------------+---------------------+------------------------------------+
; Module Name          ; Elapsed Time ; Average Processors Used ; Peak Virtual Memory ; Total CPU Time (on all processors) ;
+----------------------+--------------+-------------------------+---------------------+------------------------------------+
; Analysis & Synthesis ; 00:00:29     ; 1.0                     ; 4834 MB             ; 00:00:30                           ;
; Fitter               ; 00:02:31     ; 1.3                     ; 5619 MB             ; 00:01:47                           ;
; Assembler            ; 00:00:02     ; 1.0                     ; 4712 MB             ; 00:00:01                           ;
; Timing Analyzer      ; 00:00:12     ; 2.4                     ; 4827 MB             ; 00:00:17                           ;
; EDA Netlist Writer   ; 00:00:02     ; 1.0                     ; 4670 MB             ; 00:00:01                           ;
; EDA Netlist Writer   ; 00:00:00     ; 1.0                     ; 4657 MB             ; 00:00:01                           ;
; EDA Netlist Writer   ; 00:00:02     ; 1.0                     ; 4662 MB             ; 00:00:01                           ;
; EDA Netlist Writer   ; 00:00:01     ; 1.0                     ; 4657 MB             ; 00:00:00                           ;
; EDA Netlist Writer   ; 00:00:02     ; 1.0                     ; 4662 MB             ; 00:00:01                           ;
; Total                ; 00:03:21     ; --                      ; --                  ; 00:02:39                           ;
+----------------------+--------------+-------------------------+---------------------+------------------------------------+


+------------------------------------------------------------------------------------+
; Flow OS Summary                                                                    ;
+----------------------+------------------+------------+------------+----------------+
; Module Name          ; Machine Hostname ; OS Name    ; OS Version ; Processor type ;
+----------------------+------------------+------------+------------+----------------+
; Analysis & Synthesis ; Computadora-Joel ; Windows 10 ; 10.0       ; x86_64         ;
; Fitter               ; Computadora-Joel ; Windows 10 ; 10.0       ; x86_64         ;
; Assembler            ; Computadora-Joel ; Windows 10 ; 10.0       ; x86_64         ;
; Timing Analyzer      ; Computadora-Joel ; Windows 10 ; 10.0       ; x86_64         ;
; EDA Netlist Writer   ; Computadora-Joel ; Windows 10 ; 10.0       ; x86_64         ;
; EDA Netlist Writer   ; Computadora-Joel ; Windows 10 ; 10.0       ; x86_64         ;
; EDA Netlist Writer   ; Computadora-Joel ; Windows 10 ; 10.0       ; x86_64         ;
; EDA Netlist Writer   ; Computadora-Joel ; Windows 10 ; 10.0       ; x86_64         ;
; EDA Netlist Writer   ; Computadora-Joel ; Windows 10 ; 10.0       ; x86_64         ;
+----------------------+------------------+------------+------------+----------------+


------------
; Flow Log ;
------------
quartus_map --read_settings_files=on --write_settings_files=off CONTROL_PRODUCCION -c CONTROL_PRODUCCION
quartus_fit --read_settings_files=off --write_settings_files=off CONTROL_PRODUCCION -c CONTROL_PRODUCCION
quartus_asm --read_settings_files=off --write_settings_files=off CONTROL_PRODUCCION -c CONTROL_PRODUCCION
quartus_sta CONTROL_PRODUCCION -c CONTROL_PRODUCCION
quartus_eda --read_settings_files=off --write_settings_files=off CONTROL_PRODUCCION -c CONTROL_PRODUCCION
quartus_eda --gen_testbench --tool=modelsim_oem --format=vhdl --write_settings_files=off CONTROL_PRODUCCION -c CONTROL_PRODUCCION --vector_source="C:/Users/Sistemas/Desktop/CONTROL DE PRODUCCION/simulacion_proyecto.vwf" --testbench_file="C:/Users/Sistemas/Desktop/CONTROL DE PRODUCCION/simulation/qsim/simulacion_proyecto.vwf.vht"
quartus_eda --write_settings_files=off --simulation=on --functional=on --flatten_buses=off --tool=modelsim_oem --format=vhdl --output_directory="C:/Users/Sistemas/Desktop/CONTROL DE PRODUCCION/simulation/qsim/" CONTROL_PRODUCCION -c CONTROL_PRODUCCION
quartus_eda --gen_testbench --tool=modelsim_oem --format=vhdl --write_settings_files=off CONTROL_PRODUCCION -c CONTROL_PRODUCCION --vector_source="C:/Users/Sistemas/Desktop/CONTROL DE PRODUCCION/simulacion_proyecto.vwf" --testbench_file="C:/Users/Sistemas/Desktop/CONTROL DE PRODUCCION/simulation/qsim/simulacion_proyecto.vwf.vht"
quartus_eda --write_settings_files=off --simulation=on --functional=on --flatten_buses=off --tool=modelsim_oem --format=vhdl --output_directory="C:/Users/Sistemas/Desktop/CONTROL DE PRODUCCION/simulation/qsim/" CONTROL_PRODUCCION -c CONTROL_PRODUCCION



